INFO  | 2021-09-21 10:03:27 | [main] JavaPractice.App (App.java:16) - Hello,WorldWill Be Printed on Info
WARN  | 2021-09-21 10:03:27 | [main] JavaPractice.App (App.java:17) - Hello,WorldWill Be Printed on Warn
ERROR | 2021-09-21 10:03:27 | [main] JavaPractice.App (App.java:18) - Hello,WorldWill Be Printed on Error
FATAL | 2021-09-21 10:03:27 | [main] JavaPractice.App (App.java:19) - Hello,WorldWill Be Printed on Fatal
INFO  | 2021-09-21 10:03:27 | [main] JavaPractice.App (App.java:20) - Appending string: Hello,World.
DEBUG | 2021-09-21 10:06:07 | [main] JavaPractice.App (App.java:15) - Hello,WorldWill Be Printed on Debug
INFO  | 2021-09-21 10:06:07 | [main] JavaPractice.App (App.java:16) - Hello,WorldWill Be Printed on Info
WARN  | 2021-09-21 10:06:07 | [main] JavaPractice.App (App.java:17) - Hello,WorldWill Be Printed on Warn
ERROR | 2021-09-21 10:06:07 | [main] JavaPractice.App (App.java:18) - Hello,WorldWill Be Printed on Error
FATAL | 2021-09-21 10:06:07 | [main] JavaPractice.App (App.java:19) - Hello,WorldWill Be Printed on Fatal
INFO  | 2021-09-21 10:06:07 | [main] JavaPractice.App (App.java:20) - Appending string: Hello,World.
DEBUG | 2021-09-21 10:15:54 | [main] JavaPractice.App (App.java:15) - Hello,WorldWill Be Printed on Debug
INFO  | 2021-09-21 10:15:54 | [main] JavaPractice.App (App.java:16) - Hello,WorldWill Be Printed on Info
WARN  | 2021-09-21 10:15:54 | [main] JavaPractice.App (App.java:17) - Hello,WorldWill Be Printed on Warn
ERROR | 2021-09-21 10:15:54 | [main] JavaPractice.App (App.java:18) - Hello,WorldWill Be Printed on Error
FATAL | 2021-09-21 10:15:54 | [main] JavaPractice.App (App.java:19) - Hello,WorldWill Be Printed on Fatal
INFO  | 2021-09-21 10:15:54 | [main] JavaPractice.App (App.java:20) - Appending string: Hello,World.
DEBUG | 2021-09-22 07:48:07 | [main] JavaPractice.App (App.java:15) - Hello,WorldWill Be Printed on Debug
INFO  | 2021-09-22 07:48:07 | [main] JavaPractice.App (App.java:16) - Hello,WorldWill Be Printed on Info
WARN  | 2021-09-22 07:48:07 | [main] JavaPractice.App (App.java:17) - Hello,WorldWill Be Printed on Warn
ERROR | 2021-09-22 07:48:07 | [main] JavaPractice.App (App.java:18) - Hello,WorldWill Be Printed on Error
FATAL | 2021-09-22 07:48:07 | [main] JavaPractice.App (App.java:19) - Hello,WorldWill Be Printed on Fatal
INFO  | 2021-09-22 07:48:07 | [main] JavaPractice.App (App.java:20) - Appending string: Hello,World.
